<?xml version="1.0" encoding="UTF-8"?>
<!-- Generated by org.testng.reporters.JUnitReportReporter -->
<testsuite skipped="0" hostname="Sandeep-PC" name="automate.jenkin_demo" tests="1" failures="0" timestamp="03 Sep 2017 00:59:48 GMT" time="17.814" errors="0">
  <testcase name="testgooglrsearch" time="17.814" classname="automate.jenkin_demo"/>
</testsuite> <!-- automate.jenkin_demo -->
